<?xml version="1.0" encoding="UTF-8"?>
<!-- Generated by org.testng.reporters.JUnitReportReporter -->
<testsuite hostname="DESKTOP-0MUFT6L" failures="0" tests="1" name="com.inetbanking.testCases.TC_AddCustomerTest" time="23.207" errors="0" timestamp="2022-12-09T15:28:28 IST" skipped="0">
  <testcase classname="com.inetbanking.testCases.TC_AddCustomerTest" name="addNewCustomer" time="23.207"/>
  <system-out/>
</testsuite> <!-- com.inetbanking.testCases.TC_AddCustomerTest -->
